# JRE version: Java(TM) SE Runtime Environment (8.0_151-b12) (build 1.8.0_151-b12)
# Java VM: Java HotSpot(TM) 64-Bit Server VM (25.151-b12 mixed mode windows-amd64 compressed oops)
Heap:
 PSYoungGen      total 247808K, used 168243K [0x00000000eab00000, 0x0000000100000000, 0x0000000100000000)
  eden space 231936K, 65% used [0x00000000eab00000,0x00000000f3fd03e0,0x00000000f8d80000)
  from space 15872K, 99% used [0x00000000f8d80000,0x00000000f9cfc938,0x00000000f9d00000)
  to   space 23040K, 0% used [0x00000000fe980000,0x00000000fe980000,0x0000000100000000)
 ParOldGen       total 106496K, used 31586K [0x00000000c0000000, 0x00000000c6800000, 0x00000000eab00000)
  object space 106496K, 29% used [0x00000000c0000000,0x00000000c1ed8b98,0x00000000c6800000)
 Metaspace       used 55690K, capacity 57868K, committed 58240K, reserved 1099776K
  class space    used 7459K, capacity 7938K, committed 8064K, reserved 1048576K
GC Heap History (10 events):
Event: 11.646 GC heap before
{Heap before GC invocations=5 (full 1):
 PSYoungGen      total 75776K, used 65024K [0x00000000eab00000, 0x00000000f3f00000, 0x0000000100000000)
  eden space 65024K, 100% used [0x00000000eab00000,0x00000000eea80000,0x00000000eea80000)
  from space 10752K, 0% used [0x00000000eea80000,0x00000000eea80000,0x00000000ef500000)
  to   space 10752K, 0% used [0x00000000f3480000,0x00000000f3480000,0x00000000f3f00000)
 ParOldGen       total 86016K, used 13189K [0x00000000c0000000, 0x00000000c5400000, 0x00000000eab00000)
  object space 86016K, 15% used [0x00000000c0000000,0x00000000c0ce15d8,0x00000000c5400000)
 Metaspace       used 26306K, capacity 26634K, committed 26880K, reserved 1073152K
  class space    used 3701K, capacity 3836K, committed 3840K, reserved 1048576K
Event: 11.713 GC heap after
Heap after GC invocations=5 (full 1):
 PSYoungGen      total 132096K, used 7286K [0x00000000eab00000, 0x00000000f3c00000, 0x0000000100000000)
  eden space 124416K, 0% used [0x00000000eab00000,0x00000000eab00000,0x00000000f2480000)
  from space 7680K, 94% used [0x00000000f3480000,0x00000000f3b9d970,0x00000000f3c00000)
  to   space 10752K, 0% used [0x00000000f2700000,0x00000000f2700000,0x00000000f3180000)
 ParOldGen       total 86016K, used 13189K [0x00000000c0000000, 0x00000000c5400000, 0x00000000eab00000)
  object space 86016K, 15% used [0x00000000c0000000,0x00000000c0ce15d8,0x00000000c5400000)
 Metaspace       used 26306K, capacity 26634K, committed 26880K, reserved 1073152K
  class space    used 3701K, capacity 3836K, committed 3840K, reserved 1048576K
}
Event: 16.217 GC heap before
{Heap before GC invocations=6 (full 1):
 PSYoungGen      total 132096K, used 120731K [0x00000000eab00000, 0x00000000f3c00000, 0x0000000100000000)
  eden space 124416K, 91% used [0x00000000eab00000,0x00000000f19c95b8,0x00000000f2480000)
  from space 7680K, 94% used [0x00000000f3480000,0x00000000f3b9d970,0x00000000f3c00000)
  to   space 10752K, 0% used [0x00000000f2700000,0x00000000f2700000,0x00000000f3180000)
 ParOldGen       total 86016K, used 13189K [0x00000000c0000000, 0x00000000c5400000, 0x00000000eab00000)
  object space 86016K, 15% used [0x00000000c0000000,0x00000000c0ce15d8,0x00000000c5400000)
 Metaspace       used 34760K, capacity 35328K, committed 35456K, reserved 1079296K
  class space    used 4773K, capacity 4938K, committed 4992K, reserved 1048576K
Event: 16.397 GC heap after
Heap after GC invocations=6 (full 1):
 PSYoungGen      total 137728K, used 10747K [0x00000000eab00000, 0x00000000fb180000, 0x0000000100000000)
  eden space 126976K, 0% used [0x00000000eab00000,0x00000000eab00000,0x00000000f2700000)
  from space 10752K, 99% used [0x00000000f2700000,0x00000000f317ec18,0x00000000f3180000)
  to   space 16384K, 0% used [0x00000000fa180000,0x00000000fa180000,0x00000000fb180000)
 ParOldGen       total 86016K, used 16901K [0x00000000c0000000, 0x00000000c5400000, 0x00000000eab00000)
  object space 86016K, 19% used [0x00000000c0000000,0x00000000c1081608,0x00000000c5400000)
 Metaspace       used 34760K, capacity 35328K, committed 35456K, reserved 1079296K
  class space    used 4773K, capacity 4938K, committed 4992K, reserved 1048576K
}
Event: 16.398 GC heap before
{Heap before GC invocations=7 (full 2):
 PSYoungGen      total 137728K, used 10747K [0x00000000eab00000, 0x00000000fb180000, 0x0000000100000000)
  eden space 126976K, 0% used [0x00000000eab00000,0x00000000eab00000,0x00000000f2700000)
  from space 10752K, 99% used [0x00000000f2700000,0x00000000f317ec18,0x00000000f3180000)
  to   space 16384K, 0% used [0x00000000fa180000,0x00000000fa180000,0x00000000fb180000)
 ParOldGen       total 86016K, used 16901K [0x00000000c0000000, 0x00000000c5400000, 0x00000000eab00000)
  object space 86016K, 19% used [0x00000000c0000000,0x00000000c1081608,0x00000000c5400000)
 Metaspace       used 34760K, capacity 35328K, committed 35456K, reserved 1079296K
  class space    used 4773K, capacity 4938K, committed 4992K, reserved 1048576K
Event: 16.547 GC heap after
Heap after GC invocations=7 (full 2):
 PSYoungGen      total 137728K, used 0K [0x00000000eab00000, 0x00000000fb180000, 0x0000000100000000)
  eden space 126976K, 0% used [0x00000000eab00000,0x00000000eab00000,0x00000000f2700000)
  from space 10752K, 0% used [0x00000000f2700000,0x00000000f2700000,0x00000000f3180000)
  to   space 16384K, 0% used [0x00000000fa180000,0x00000000fa180000,0x00000000fb180000)
 ParOldGen       total 106496K, used 21310K [0x00000000c0000000, 0x00000000c6800000, 0x00000000eab00000)
  object space 106496K, 20% used [0x00000000c0000000,0x00000000c14cfa30,0x00000000c6800000)
 Metaspace       used 34760K, capacity 35328K, committed 35456K, reserved 1079296K
  class space    used 4773K, capacity 4938K, committed 4992K, reserved 1048576K
}
Event: 18.917 GC heap before
{Heap before GC invocations=8 (full 2):
 PSYoungGen      total 137728K, used 126976K [0x00000000eab00000, 0x00000000fb180000, 0x0000000100000000)
  eden space 126976K, 100% used [0x00000000eab00000,0x00000000f2700000,0x00000000f2700000)
  from space 10752K, 0% used [0x00000000f2700000,0x00000000f2700000,0x00000000f3180000)
  to   space 16384K, 0% used [0x00000000fa180000,0x00000000fa180000,0x00000000fb180000)
 ParOldGen       total 106496K, used 21310K [0x00000000c0000000, 0x00000000c6800000, 0x00000000eab00000)
  object space 106496K, 20% used [0x00000000c0000000,0x00000000c14cfa30,0x00000000c6800000)
 Metaspace       used 42258K, capacity 43046K, committed 43264K, reserved 1087488K
  class space    used 5801K, capacity 6019K, committed 6144K, reserved 1048576K
Event: 18.939 GC heap after
Heap after GC invocations=8 (full 2):
 PSYoungGen      total 242176K, used 11197K [0x00000000eab00000, 0x00000000fac80000, 0x0000000100000000)
  eden space 230912K, 0% used [0x00000000eab00000,0x00000000eab00000,0x00000000f8c80000)
  from space 11264K, 99% used [0x00000000fa180000,0x00000000fac6f558,0x00000000fac80000)
  to   space 15872K, 0% used [0x00000000f8d80000,0x00000000f8d80000,0x00000000f9d00000)
 ParOldGen       total 106496K, used 21382K [0x00000000c0000000, 0x00000000c6800000, 0x00000000eab00000)
  object space 106496K, 20% used [0x00000000c0000000,0x00000000c14e1a40,0x00000000c6800000)
 Metaspace       used 42258K, capacity 43046K, committed 43264K, reserved 1087488K
  class space    used 5801K, capacity 6019K, committed 6144K, reserved 1048576K
}
Event: 1841.101 GC heap before
{Heap before GC invocations=9 (full 2):
 PSYoungGen      total 242176K, used 242109K [0x00000000eab00000, 0x00000000fac80000, 0x0000000100000000)
  eden space 230912K, 100% used [0x00000000eab00000,0x00000000f8c80000,0x00000000f8c80000)
  from space 11264K, 99% used [0x00000000fa180000,0x00000000fac6f558,0x00000000fac80000)
  to   space 15872K, 0% used [0x00000000f8d80000,0x00000000f8d80000,0x00000000f9d00000)
 ParOldGen       total 106496K, used 21382K [0x00000000c0000000, 0x00000000c6800000, 0x00000000eab00000)
  object space 106496K, 20% used [0x00000000c0000000,0x00000000c14e1a40,0x00000000c6800000)
 Metaspace       used 52274K, capacity 53792K, committed 54016K, reserved 1095680K
  class space    used 7024K, capacity 7369K, committed 7424K, reserved 1048576K
Event: 1841.130 GC heap after
Heap after GC invocations=9 (full 2):
 PSYoungGen      total 247808K, used 15858K [0x00000000eab00000, 0x0000000100000000, 0x0000000100000000)
  eden space 231936K, 0% used [0x00000000eab00000,0x00000000eab00000,0x00000000f8d80000)
  from space 15872K, 99% used [0x00000000f8d80000,0x00000000f9cfc938,0x00000000f9d00000)
  to   space 23040K, 0% used [0x00000000fe980000,0x00000000fe980000,0x0000000100000000)
 ParOldGen       total 106496K, used 31586K [0x00000000c0000000, 0x00000000c6800000, 0x00000000eab00000)
  object space 106496K, 29% used [0x00000000c0000000,0x00000000c1ed8b98,0x00000000c6800000)
 Metaspace       used 52274K, capacity 53792K, committed 54016K, reserved 1095680K
  class space    used 7024K, capacity 7369K, committed 7424K, reserved 1048576K
}

